2023-12-18 19:19:00,925 INFO o.a.j.u.JMeterUtils: Setting Locale to en_EN
2023-12-18 19:19:00,950 INFO o.a.j.JMeter: Loading user properties from: D:\JMetr\apache-jmeter-5.6.2\bin\user.properties
2023-12-18 19:19:00,958 INFO o.a.j.JMeter: Loading system properties from: D:\JMetr\apache-jmeter-5.6.2\bin\system.properties
2023-12-18 19:19:00,966 INFO o.a.j.JMeter: Copyright (c) 1998-2023 The Apache Software Foundation
2023-12-18 19:19:00,966 INFO o.a.j.JMeter: Version 5.6.2
2023-12-18 19:19:00,966 INFO o.a.j.JMeter: java.version=1.8.0_391
2023-12-18 19:19:00,966 INFO o.a.j.JMeter: java.vm.name=Java HotSpot(TM) 64-Bit Server VM
2023-12-18 19:19:00,966 INFO o.a.j.JMeter: os.name=Windows 10
2023-12-18 19:19:00,966 INFO o.a.j.JMeter: os.arch=amd64
2023-12-18 19:19:00,966 INFO o.a.j.JMeter: os.version=10.0
2023-12-18 19:19:00,974 INFO o.a.j.JMeter: file.encoding=Cp1251
2023-12-18 19:19:00,974 INFO o.a.j.JMeter: java.awt.headless=true
2023-12-18 19:19:00,975 INFO o.a.j.JMeter: Max memory     =1073741824
2023-12-18 19:19:00,975 INFO o.a.j.JMeter: Available Processors =8
2023-12-18 19:19:00,975 INFO o.a.j.JMeter: Default Locale=English (EN)
2023-12-18 19:19:00,975 INFO o.a.j.JMeter: JMeter  Locale=English (EN)
2023-12-18 19:19:00,983 INFO o.a.j.JMeter: JMeterHome=D:\JMetr\apache-jmeter-5.6.2
2023-12-18 19:19:00,983 INFO o.a.j.JMeter: user.dir  =D:\JMetr\JMeter-Tests
2023-12-18 19:19:00,983 INFO o.a.j.JMeter: PWD       =D:\JMetr\JMeter-Tests
2023-12-18 19:19:12,075 INFO o.a.j.JMeter: IP: 192.168.1.85 Name: DESKTOP-HPM1NKL FullName: 192.168.1.85
2023-12-18 19:19:12,108 INFO o.a.j.JMeter: Setting property 'jmeter.reportgenerator.outputdir' to:'D:\JMetr\JMeter-Tests\.\SCRIPT100'
2023-12-18 19:19:12,116 INFO o.a.j.s.FileServer: Default base='D:\JMetr\JMeter-Tests'
2023-12-18 19:19:12,125 INFO o.a.j.s.FileServer: Set new base='D:\JMetr\JMeter-Tests\.'
2023-12-18 19:19:12,375 INFO o.a.j.s.SaveService: Testplan (JMX) version: 2.2. Testlog (JTL) version: 2.2
2023-12-18 19:19:12,424 INFO o.a.j.s.SaveService: Using SaveService properties file encoding UTF-8
2023-12-18 19:19:12,433 INFO o.a.j.s.SaveService: Using SaveService properties version 5.0
2023-12-18 19:19:12,449 INFO o.a.j.s.SaveService: Loading file: .\Plot-Test100.jmx
2023-12-18 19:19:12,674 INFO o.a.j.p.h.s.HTTPSamplerBase: Parser for text/html is org.apache.jmeter.protocol.http.parser.LagartoBasedHtmlParser
2023-12-18 19:19:12,674 INFO o.a.j.p.h.s.HTTPSamplerBase: Parser for application/xhtml+xml is org.apache.jmeter.protocol.http.parser.LagartoBasedHtmlParser
2023-12-18 19:19:12,674 INFO o.a.j.p.h.s.HTTPSamplerBase: Parser for application/xml is org.apache.jmeter.protocol.http.parser.LagartoBasedHtmlParser
2023-12-18 19:19:12,674 INFO o.a.j.p.h.s.HTTPSamplerBase: Parser for text/xml is org.apache.jmeter.protocol.http.parser.LagartoBasedHtmlParser
2023-12-18 19:19:12,674 INFO o.a.j.p.h.s.HTTPSamplerBase: Parser for text/vnd.wap.wml is org.apache.jmeter.protocol.http.parser.RegexpHTMLParser
2023-12-18 19:19:12,674 INFO o.a.j.p.h.s.HTTPSamplerBase: Parser for text/css is org.apache.jmeter.protocol.http.parser.CssParser
2023-12-18 19:19:13,291 INFO o.a.j.e.KeyToolUtils: Exception checking for keytool existence, will return false, try another way.
2023-12-18 19:19:13,767 INFO o.a.j.e.KeyToolUtils: keytool found at 'C:\Program Files\Java\jre-1.8\bin\keytool'
2023-12-18 19:19:13,767 INFO o.a.j.p.h.p.ProxyControl: HTTP(S) Test Script Recorder SSL Proxy will use keys that support embedded 3rd party resources in file D:\JMetr\apache-jmeter-5.6.2\bin\proxyserver.jks
2023-12-18 19:19:13,809 INFO o.a.j.JMeter: Creating summariser <summary>
2023-12-18 19:19:13,817 INFO o.a.j.r.d.ReportGenerator: ReportGenerator will use for Parsing the separator: ','
2023-12-18 19:19:13,817 INFO o.a.j.r.d.ReportGenerator: Will generate report at end of test from  results file: Plot-Test100.jtl
2023-12-18 19:19:13,825 INFO o.a.j.r.d.ReportGenerator: Reading report generator properties from: D:\JMetr\apache-jmeter-5.6.2\bin\reportgenerator.properties
2023-12-18 19:19:13,825 INFO o.a.j.r.d.ReportGenerator: Merging with JMeter properties
2023-12-18 19:19:13,834 INFO o.a.j.r.c.ReportGeneratorConfiguration: Property 'jmeter.reportgenerator.temp_dir' not found, using default value 'temp' instead.
2023-12-18 19:19:13,842 INFO o.a.j.r.c.ReportGeneratorConfiguration: Property 'jmeter.reportgenerator.apdex_per_transaction' not found, using default value 'null' instead.
2023-12-18 19:19:13,842 INFO o.a.j.r.c.ReportGeneratorConfiguration: apdex_per_transaction is empty, not APDEX per transaction customization
2023-12-18 19:19:13,842 INFO o.a.j.r.c.ReportGeneratorConfiguration: Property 'jmeter.reportgenerator.sample_filter' not found, using default value 'null' instead.
2023-12-18 19:19:13,842 INFO o.a.j.r.c.ReportGeneratorConfiguration: Property 'jmeter.reportgenerator.report_title' not found, using default value 'null' instead.
2023-12-18 19:19:13,842 INFO o.a.j.r.c.ReportGeneratorConfiguration: Property 'jmeter.reportgenerator.start_date' not found, using default value 'null' instead.
2023-12-18 19:19:13,842 INFO o.a.j.r.c.ReportGeneratorConfiguration: Property 'jmeter.reportgenerator.end_date' not found, using default value 'null' instead.
2023-12-18 19:19:13,842 INFO o.a.j.r.c.ReportGeneratorConfiguration: Property 'jmeter.reportgenerator.date_format' not found, using default value 'null' instead.
2023-12-18 19:19:13,842 INFO o.a.j.r.c.ReportGeneratorConfiguration: Will use date range start date: null, end date: null
2023-12-18 19:19:13,859 INFO o.a.j.r.c.ReportGeneratorConfiguration: Property 'jmeter.reportgenerator.graph.totalTPS.exclude_controllers' not found, using default value 'false' instead.
2023-12-18 19:19:13,859 INFO o.a.j.r.c.ReportGeneratorConfiguration: Property 'jmeter.reportgenerator.graph.activeThreadsOverTime.exclude_controllers' not found, using default value 'false' instead.
2023-12-18 19:19:13,859 INFO o.a.j.r.c.ReportGeneratorConfiguration: Property 'jmeter.reportgenerator.graph.timeVsThreads.exclude_controllers' not found, using default value 'false' instead.
2023-12-18 19:19:13,859 INFO o.a.j.r.c.ReportGeneratorConfiguration: Property 'jmeter.reportgenerator.graph.responseTimeDistribution.exclude_controllers' not found, using default value 'false' instead.
2023-12-18 19:19:13,859 INFO o.a.j.r.c.ReportGeneratorConfiguration: Property 'jmeter.reportgenerator.graph.transactionsPerSecond.exclude_controllers' not found, using default value 'false' instead.
2023-12-18 19:19:13,859 INFO o.a.j.r.c.ReportGeneratorConfiguration: Property 'jmeter.reportgenerator.graph.responseTimePercentiles.exclude_controllers' not found, using default value 'false' instead.
2023-12-18 19:19:13,859 INFO o.a.j.r.c.ReportGeneratorConfiguration: Property 'jmeter.reportgenerator.graph.responseTimePercentilesOverTime.exclude_controllers' not found, using default value 'false' instead.
2023-12-18 19:19:13,859 INFO o.a.j.r.c.ReportGeneratorConfiguration: Property 'jmeter.reportgenerator.graph.responseTimesOverTime.exclude_controllers' not found, using default value 'false' instead.
2023-12-18 19:19:13,859 INFO o.a.j.r.c.ReportGeneratorConfiguration: Property 'jmeter.reportgenerator.graph.connectTimeOverTime.exclude_controllers' not found, using default value 'false' instead.
2023-12-18 19:19:13,859 INFO o.a.j.r.c.ReportGeneratorConfiguration: Property 'jmeter.reportgenerator.graph.latenciesOverTime.exclude_controllers' not found, using default value 'false' instead.
2023-12-18 19:19:13,859 INFO o.a.j.r.c.ReportGeneratorConfiguration: Property 'jmeter.reportgenerator.exporter.json.filters_only_sample_series' not found, using default value 'true' instead.
2023-12-18 19:19:13,859 INFO o.a.j.r.c.ReportGeneratorConfiguration: Property 'jmeter.reportgenerator.exporter.json.series_filter' not found, using default value '' instead.
2023-12-18 19:19:13,859 INFO o.a.j.r.c.ReportGeneratorConfiguration: Property 'jmeter.reportgenerator.exporter.json.show_controllers_only' not found, using default value 'false' instead.
2023-12-18 19:19:13,867 INFO o.a.j.r.c.ReportGeneratorConfiguration: Property 'jmeter.reportgenerator.exporter.html.filters_only_sample_series' not found, using default value 'true' instead.
2023-12-18 19:19:13,867 INFO o.a.j.r.c.ReportGeneratorConfiguration: Property 'jmeter.reportgenerator.exporter.html.series_filter' not found, using default value '' instead.
2023-12-18 19:19:13,867 INFO o.a.j.r.c.ReportGeneratorConfiguration: Property 'jmeter.reportgenerator.exporter.html.show_controllers_only' not found, using default value 'false' instead.
2023-12-18 19:19:13,883 INFO o.a.j.e.StandardJMeterEngine: Running the test!
2023-12-18 19:19:13,883 INFO o.a.j.s.SampleEvent: List of sample_variables: []
2023-12-18 19:19:13,883 INFO o.a.j.s.SampleEvent: List of sample_variables: []
2023-12-18 19:19:13,892 INFO o.a.j.e.u.CompoundVariable: Note: Function class names must contain the string: '.functions.'
2023-12-18 19:19:13,892 INFO o.a.j.e.u.CompoundVariable: Note: Function class names must not contain the string: '.gui.'
2023-12-18 19:19:14,644 INFO o.a.j.JMeter: Running test (1702901954644)
2023-12-18 19:19:14,746 INFO o.a.j.e.StandardJMeterEngine: Starting ThreadGroup: 1 : Thread Group
2023-12-18 19:19:14,746 INFO o.a.j.e.StandardJMeterEngine: Starting 100 threads for group Thread Group.
2023-12-18 19:19:14,746 INFO o.a.j.e.StandardJMeterEngine: Thread will continue on error
2023-12-18 19:19:14,746 INFO o.a.j.t.ThreadGroup: Starting thread group... number=1 threads=100 ramp-up=1 delayedStart=false
2023-12-18 19:19:14,772 INFO o.a.j.t.JMeterThread: Thread started: Thread Group 1-1
2023-12-18 19:19:14,790 INFO o.a.j.t.JMeterThread: Thread started: Thread Group 1-2
2023-12-18 19:19:14,798 INFO o.a.j.t.JMeterThread: Thread started: Thread Group 1-3
2023-12-18 19:19:14,806 INFO o.a.j.t.JMeterThread: Thread started: Thread Group 1-4
2023-12-18 19:19:14,814 INFO o.a.j.t.JMeterThread: Thread started: Thread Group 1-5
2023-12-18 19:19:14,823 INFO o.a.j.t.JMeterThread: Thread started: Thread Group 1-6
2023-12-18 19:19:14,831 INFO o.a.j.t.JMeterThread: Thread started: Thread Group 1-7
2023-12-18 19:19:14,839 INFO o.a.j.t.JMeterThread: Thread started: Thread Group 1-8
2023-12-18 19:19:14,848 INFO o.a.j.t.JMeterThread: Thread started: Thread Group 1-9
2023-12-18 19:19:14,848 INFO o.a.j.p.h.s.HTTPHCAbstractImpl: Local host = DESKTOP-HPM1NKL
2023-12-18 19:19:14,856 INFO o.a.j.t.JMeterThread: Thread started: Thread Group 1-10
2023-12-18 19:19:14,856 INFO o.a.j.t.JMeterThread: Thread started: Thread Group 1-11
2023-12-18 19:19:14,864 INFO o.a.j.t.JMeterThread: Thread started: Thread Group 1-12
2023-12-18 19:19:14,880 INFO o.a.j.p.h.s.HTTPHC4Impl: HTTP request retry count = 0
2023-12-18 19:19:14,885 INFO o.a.j.s.SampleResult: Note: Sample TimeStamps are START times
2023-12-18 19:19:14,885 INFO o.a.j.s.SampleResult: sampleresult.default.encoding is set to UTF-8
2023-12-18 19:19:14,885 INFO o.a.j.s.SampleResult: sampleresult.useNanoTime=true
2023-12-18 19:19:14,885 INFO o.a.j.s.SampleResult: sampleresult.nanoThreadSleep=5000
2023-12-18 19:19:14,892 INFO o.a.j.t.JMeterThread: Thread started: Thread Group 1-14
2023-12-18 19:19:14,895 INFO o.a.j.t.JMeterThread: Thread started: Thread Group 1-13
2023-12-18 19:19:14,898 INFO o.a.j.t.JMeterThread: Thread started: Thread Group 1-15
2023-12-18 19:19:14,904 INFO o.a.j.t.JMeterThread: Thread started: Thread Group 1-16
2023-12-18 19:19:14,915 INFO o.a.j.t.JMeterThread: Thread started: Thread Group 1-17
2023-12-18 19:19:14,923 INFO o.a.j.t.JMeterThread: Thread started: Thread Group 1-18
2023-12-18 19:19:14,933 INFO o.a.j.t.JMeterThread: Thread started: Thread Group 1-19
2023-12-18 19:19:14,943 INFO o.a.j.t.JMeterThread: Thread started: Thread Group 1-20
2023-12-18 19:19:14,954 INFO o.a.j.t.JMeterThread: Thread started: Thread Group 1-21
2023-12-18 19:19:14,963 INFO o.a.j.t.JMeterThread: Thread started: Thread Group 1-22
2023-12-18 19:19:14,972 INFO o.a.j.t.JMeterThread: Thread started: Thread Group 1-23
2023-12-18 19:19:14,982 INFO o.a.j.t.JMeterThread: Thread started: Thread Group 1-24
2023-12-18 19:19:14,994 INFO o.a.j.t.JMeterThread: Thread started: Thread Group 1-25
2023-12-18 19:19:15,011 INFO o.a.j.t.JMeterThread: Thread started: Thread Group 1-26
2023-12-18 19:19:15,022 INFO o.a.j.t.JMeterThread: Thread started: Thread Group 1-27
2023-12-18 19:19:15,028 INFO o.a.j.t.JMeterThread: Thread started: Thread Group 1-28
2023-12-18 19:19:15,034 INFO o.a.j.t.JMeterThread: Thread started: Thread Group 1-29
2023-12-18 19:19:15,043 INFO o.a.j.t.JMeterThread: Thread started: Thread Group 1-30
2023-12-18 19:19:15,053 INFO o.a.j.t.JMeterThread: Thread started: Thread Group 1-31
2023-12-18 19:19:15,063 INFO o.a.j.t.JMeterThread: Thread started: Thread Group 1-32
2023-12-18 19:19:15,072 INFO o.a.j.t.JMeterThread: Thread started: Thread Group 1-33
2023-12-18 19:19:15,082 INFO o.a.j.t.JMeterThread: Thread started: Thread Group 1-34
2023-12-18 19:19:15,091 INFO o.a.j.t.JMeterThread: Thread started: Thread Group 1-35
2023-12-18 19:19:15,103 INFO o.a.j.t.JMeterThread: Thread started: Thread Group 1-36
2023-12-18 19:19:15,113 INFO o.a.j.t.JMeterThread: Thread started: Thread Group 1-37
2023-12-18 19:19:15,123 INFO o.a.j.t.JMeterThread: Thread started: Thread Group 1-38
2023-12-18 19:19:15,134 INFO o.a.j.t.JMeterThread: Thread started: Thread Group 1-39
2023-12-18 19:19:15,144 INFO o.a.j.t.JMeterThread: Thread started: Thread Group 1-40
2023-12-18 19:19:15,152 INFO o.a.j.t.JMeterThread: Thread started: Thread Group 1-41
2023-12-18 19:19:15,163 INFO o.a.j.t.JMeterThread: Thread started: Thread Group 1-42
2023-12-18 19:19:15,173 INFO o.a.j.t.JMeterThread: Thread started: Thread Group 1-43
2023-12-18 19:19:15,183 INFO o.a.j.t.JMeterThread: Thread started: Thread Group 1-44
2023-12-18 19:19:15,195 INFO o.a.j.t.JMeterThread: Thread started: Thread Group 1-45
2023-12-18 19:19:15,204 INFO o.a.j.t.JMeterThread: Thread started: Thread Group 1-46
2023-12-18 19:19:15,213 INFO o.a.j.t.JMeterThread: Thread started: Thread Group 1-47
2023-12-18 19:19:15,225 INFO o.a.j.t.JMeterThread: Thread started: Thread Group 1-48
2023-12-18 19:19:15,234 INFO o.a.j.t.JMeterThread: Thread started: Thread Group 1-49
2023-12-18 19:19:15,240 INFO o.a.j.t.ThreadGroup: Started thread group number 1
2023-12-18 19:19:15,241 INFO o.a.j.e.StandardJMeterEngine: All thread groups have been started
2023-12-18 19:19:15,244 INFO o.a.j.t.JMeterThread: Thread started: Thread Group 1-50
2023-12-18 19:19:15,251 INFO o.a.j.t.JMeterThread: Thread started: Thread Group 1-51
2023-12-18 19:19:15,263 INFO o.a.j.t.JMeterThread: Thread started: Thread Group 1-52
2023-12-18 19:19:15,272 INFO o.a.j.t.JMeterThread: Thread started: Thread Group 1-53
2023-12-18 19:19:15,281 INFO o.a.j.t.JMeterThread: Thread started: Thread Group 1-54
2023-12-18 19:19:15,292 INFO o.a.j.t.JMeterThread: Thread started: Thread Group 1-55
2023-12-18 19:19:15,302 INFO o.a.j.t.JMeterThread: Thread started: Thread Group 1-56
2023-12-18 19:19:15,312 INFO o.a.j.t.JMeterThread: Thread started: Thread Group 1-57
2023-12-18 19:19:15,322 INFO o.a.j.t.JMeterThread: Thread started: Thread Group 1-58
2023-12-18 19:19:15,331 INFO o.a.j.t.JMeterThread: Thread started: Thread Group 1-59
2023-12-18 19:19:15,341 INFO o.a.j.t.JMeterThread: Thread started: Thread Group 1-60
2023-12-18 19:19:15,351 INFO o.a.j.t.JMeterThread: Thread started: Thread Group 1-61
2023-12-18 19:19:15,361 INFO o.a.j.t.JMeterThread: Thread started: Thread Group 1-62
2023-12-18 19:19:15,372 INFO o.a.j.t.JMeterThread: Thread started: Thread Group 1-63
2023-12-18 19:19:15,383 INFO o.a.j.t.JMeterThread: Thread started: Thread Group 1-64
2023-12-18 19:19:15,394 INFO o.a.j.t.JMeterThread: Thread started: Thread Group 1-65
2023-12-18 19:19:15,410 INFO o.a.j.t.JMeterThread: Thread started: Thread Group 1-66
2023-12-18 19:19:15,418 INFO o.a.j.t.JMeterThread: Thread started: Thread Group 1-67
2023-12-18 19:19:15,426 INFO o.a.j.t.JMeterThread: Thread started: Thread Group 1-68
2023-12-18 19:19:15,437 INFO o.a.j.t.JMeterThread: Thread started: Thread Group 1-69
2023-12-18 19:19:15,446 INFO o.a.j.t.JMeterThread: Thread started: Thread Group 1-70
2023-12-18 19:19:15,452 INFO o.a.j.t.JMeterThread: Thread started: Thread Group 1-71
2023-12-18 19:19:15,464 INFO o.a.j.t.JMeterThread: Thread started: Thread Group 1-72
2023-12-18 19:19:15,473 INFO o.a.j.t.JMeterThread: Thread started: Thread Group 1-73
2023-12-18 19:19:15,485 INFO o.a.j.t.JMeterThread: Thread started: Thread Group 1-74
2023-12-18 19:19:15,494 INFO o.a.j.t.JMeterThread: Thread started: Thread Group 1-75
2023-12-18 19:19:15,505 INFO o.a.j.t.JMeterThread: Thread started: Thread Group 1-76
2023-12-18 19:19:15,514 INFO o.a.j.t.JMeterThread: Thread started: Thread Group 1-77
2023-12-18 19:19:15,524 INFO o.a.j.t.JMeterThread: Thread started: Thread Group 1-78
2023-12-18 19:19:15,533 INFO o.a.j.t.JMeterThread: Thread started: Thread Group 1-79
2023-12-18 19:19:15,544 INFO o.a.j.t.JMeterThread: Thread started: Thread Group 1-80
2023-12-18 19:19:15,560 INFO o.a.j.t.JMeterThread: Thread started: Thread Group 1-81
2023-12-18 19:19:15,564 INFO o.a.j.t.JMeterThread: Thread started: Thread Group 1-82
2023-12-18 19:19:15,574 INFO o.a.j.t.JMeterThread: Thread started: Thread Group 1-83
2023-12-18 19:19:15,583 INFO o.a.j.t.JMeterThread: Thread started: Thread Group 1-84
2023-12-18 19:19:15,593 INFO o.a.j.t.JMeterThread: Thread started: Thread Group 1-85
2023-12-18 19:19:15,603 INFO o.a.j.t.JMeterThread: Thread started: Thread Group 1-86
2023-12-18 19:19:15,614 INFO o.a.j.t.JMeterThread: Thread started: Thread Group 1-87
2023-12-18 19:19:15,626 INFO o.a.j.t.JMeterThread: Thread started: Thread Group 1-88
2023-12-18 19:19:15,633 INFO o.a.j.t.JMeterThread: Thread started: Thread Group 1-89
2023-12-18 19:19:15,645 INFO o.a.j.t.JMeterThread: Thread started: Thread Group 1-90
2023-12-18 19:19:15,653 INFO o.a.j.t.JMeterThread: Thread started: Thread Group 1-91
2023-12-18 19:19:15,661 INFO o.a.j.t.JMeterThread: Thread started: Thread Group 1-92
2023-12-18 19:19:15,677 INFO o.a.j.t.JMeterThread: Thread started: Thread Group 1-93
2023-12-18 19:19:15,681 INFO o.a.j.t.JMeterThread: Thread started: Thread Group 1-94
2023-12-18 19:19:15,682 INFO o.a.j.p.h.s.h.LazyLayeredConnectionSocketFactory: Setting up HTTPS TrustAll Socket Factory
2023-12-18 19:19:15,691 INFO o.a.j.t.JMeterThread: Thread started: Thread Group 1-95
2023-12-18 19:19:15,703 INFO o.a.j.u.JsseSSLManager: Using default SSL protocol: TLS
2023-12-18 19:19:15,703 INFO o.a.j.u.JsseSSLManager: SSL session context: per-thread
2023-12-18 19:19:15,704 INFO o.a.j.t.JMeterThread: Thread started: Thread Group 1-96
2023-12-18 19:19:15,714 INFO o.a.j.t.JMeterThread: Thread started: Thread Group 1-97
2023-12-18 19:19:15,726 INFO o.a.j.t.JMeterThread: Thread started: Thread Group 1-98
2023-12-18 19:19:15,733 INFO o.a.j.t.JMeterThread: Thread started: Thread Group 1-99
2023-12-18 19:19:15,743 INFO o.a.j.t.JMeterThread: Thread started: Thread Group 1-100
2023-12-18 19:19:16,624 INFO o.a.j.u.SSLManager: JmeterKeyStore Location:  type JKS
2023-12-18 19:19:16,625 INFO o.a.j.u.SSLManager: KeyStore created OK
2023-12-18 19:19:16,625 WARN o.a.j.u.SSLManager: Keystore file not found, loading empty keystore
2023-12-18 19:19:25,788 INFO o.a.j.t.JMeterThread: Thread is done: Thread Group 1-59
2023-12-18 19:19:25,788 INFO o.a.j.t.JMeterThread: Thread finished: Thread Group 1-59
2023-12-18 19:19:25,937 INFO o.a.j.t.JMeterThread: Thread is done: Thread Group 1-5
2023-12-18 19:19:25,937 INFO o.a.j.t.JMeterThread: Thread finished: Thread Group 1-5
2023-12-18 19:19:25,979 INFO o.a.j.t.JMeterThread: Thread is done: Thread Group 1-4
2023-12-18 19:19:25,979 INFO o.a.j.t.JMeterThread: Thread finished: Thread Group 1-4
2023-12-18 19:19:26,163 INFO o.a.j.t.JMeterThread: Thread is done: Thread Group 1-27
2023-12-18 19:19:26,163 INFO o.a.j.t.JMeterThread: Thread finished: Thread Group 1-27
2023-12-18 19:19:26,235 INFO o.a.j.t.JMeterThread: Thread is done: Thread Group 1-24
2023-12-18 19:19:26,235 INFO o.a.j.t.JMeterThread: Thread finished: Thread Group 1-24
2023-12-18 19:19:26,266 INFO o.a.j.t.JMeterThread: Thread is done: Thread Group 1-71
2023-12-18 19:19:26,266 INFO o.a.j.t.JMeterThread: Thread finished: Thread Group 1-71
2023-12-18 19:19:26,307 INFO o.a.j.t.JMeterThread: Thread is done: Thread Group 1-18
2023-12-18 19:19:26,307 INFO o.a.j.t.JMeterThread: Thread finished: Thread Group 1-18
2023-12-18 19:19:26,307 INFO o.a.j.t.JMeterThread: Thread is done: Thread Group 1-36
2023-12-18 19:19:26,307 INFO o.a.j.t.JMeterThread: Thread is done: Thread Group 1-87
2023-12-18 19:19:26,307 INFO o.a.j.t.JMeterThread: Thread finished: Thread Group 1-36
2023-12-18 19:19:26,307 INFO o.a.j.t.JMeterThread: Thread finished: Thread Group 1-87
2023-12-18 19:19:26,317 INFO o.a.j.t.JMeterThread: Thread is done: Thread Group 1-30
2023-12-18 19:19:26,317 INFO o.a.j.t.JMeterThread: Thread finished: Thread Group 1-30
2023-12-18 19:19:26,327 INFO o.a.j.t.JMeterThread: Thread is done: Thread Group 1-21
2023-12-18 19:19:26,327 INFO o.a.j.t.JMeterThread: Thread is done: Thread Group 1-9
2023-12-18 19:19:26,327 INFO o.a.j.t.JMeterThread: Thread finished: Thread Group 1-21
2023-12-18 19:19:26,327 INFO o.a.j.t.JMeterThread: Thread finished: Thread Group 1-9
2023-12-18 19:19:26,348 INFO o.a.j.t.JMeterThread: Thread is done: Thread Group 1-81
2023-12-18 19:19:26,348 INFO o.a.j.t.JMeterThread: Thread finished: Thread Group 1-81
2023-12-18 19:19:26,399 INFO o.a.j.t.JMeterThread: Thread is done: Thread Group 1-15
2023-12-18 19:19:26,399 INFO o.a.j.t.JMeterThread: Thread finished: Thread Group 1-15
2023-12-18 19:19:26,407 INFO o.a.j.t.JMeterThread: Thread is done: Thread Group 1-68
2023-12-18 19:19:26,407 INFO o.a.j.t.JMeterThread: Thread finished: Thread Group 1-68
2023-12-18 19:19:26,409 INFO o.a.j.t.JMeterThread: Thread is done: Thread Group 1-55
2023-12-18 19:19:26,409 INFO o.a.j.t.JMeterThread: Thread finished: Thread Group 1-55
2023-12-18 19:19:26,420 INFO o.a.j.t.JMeterThread: Thread is done: Thread Group 1-65
2023-12-18 19:19:26,420 INFO o.a.j.t.JMeterThread: Thread finished: Thread Group 1-65
2023-12-18 19:19:26,512 INFO o.a.j.t.JMeterThread: Thread is done: Thread Group 1-84
2023-12-18 19:19:26,512 INFO o.a.j.t.JMeterThread: Thread finished: Thread Group 1-84
2023-12-18 19:19:26,544 INFO o.a.j.t.JMeterThread: Thread is done: Thread Group 1-54
2023-12-18 19:19:26,544 INFO o.a.j.t.JMeterThread: Thread finished: Thread Group 1-54
2023-12-18 19:19:26,575 INFO o.a.j.t.JMeterThread: Thread is done: Thread Group 1-66
2023-12-18 19:19:26,575 INFO o.a.j.t.JMeterThread: Thread finished: Thread Group 1-66
2023-12-18 19:19:26,616 INFO o.a.j.t.JMeterThread: Thread is done: Thread Group 1-89
2023-12-18 19:19:26,616 INFO o.a.j.t.JMeterThread: Thread finished: Thread Group 1-89
2023-12-18 19:19:26,624 INFO o.a.j.t.JMeterThread: Thread is done: Thread Group 1-32
2023-12-18 19:19:26,624 INFO o.a.j.t.JMeterThread: Thread finished: Thread Group 1-32
2023-12-18 19:19:26,626 INFO o.a.j.t.JMeterThread: Thread is done: Thread Group 1-2
2023-12-18 19:19:26,626 INFO o.a.j.t.JMeterThread: Thread finished: Thread Group 1-2
2023-12-18 19:19:26,634 INFO o.a.j.t.JMeterThread: Thread is done: Thread Group 1-33
2023-12-18 19:19:26,634 INFO o.a.j.t.JMeterThread: Thread finished: Thread Group 1-33
2023-12-18 19:19:26,647 INFO o.a.j.t.JMeterThread: Thread is done: Thread Group 1-91
2023-12-18 19:19:26,647 INFO o.a.j.t.JMeterThread: Thread is done: Thread Group 1-94
2023-12-18 19:19:26,647 INFO o.a.j.t.JMeterThread: Thread finished: Thread Group 1-91
2023-12-18 19:19:26,647 INFO o.a.j.t.JMeterThread: Thread finished: Thread Group 1-94
2023-12-18 19:19:26,667 INFO o.a.j.t.JMeterThread: Thread is done: Thread Group 1-12
2023-12-18 19:19:26,667 INFO o.a.j.t.JMeterThread: Thread finished: Thread Group 1-12
2023-12-18 19:19:26,678 INFO o.a.j.t.JMeterThread: Thread is done: Thread Group 1-85
2023-12-18 19:19:26,678 INFO o.a.j.t.JMeterThread: Thread finished: Thread Group 1-85
2023-12-18 19:19:26,688 INFO o.a.j.t.JMeterThread: Thread is done: Thread Group 1-83
2023-12-18 19:19:26,688 INFO o.a.j.t.JMeterThread: Thread finished: Thread Group 1-83
2023-12-18 19:19:26,719 INFO o.a.j.t.JMeterThread: Thread is done: Thread Group 1-13
2023-12-18 19:19:26,719 INFO o.a.j.t.JMeterThread: Thread finished: Thread Group 1-13
2023-12-18 19:19:26,746 INFO o.a.j.t.JMeterThread: Thread is done: Thread Group 1-72
2023-12-18 19:19:26,746 INFO o.a.j.t.JMeterThread: Thread finished: Thread Group 1-72
2023-12-18 19:19:26,771 INFO o.a.j.t.JMeterThread: Thread is done: Thread Group 1-43
2023-12-18 19:19:26,771 INFO o.a.j.t.JMeterThread: Thread finished: Thread Group 1-43
2023-12-18 19:19:26,837 INFO o.a.j.t.JMeterThread: Thread is done: Thread Group 1-82
2023-12-18 19:19:26,837 INFO o.a.j.t.JMeterThread: Thread finished: Thread Group 1-82
2023-12-18 19:19:26,845 INFO o.a.j.t.JMeterThread: Thread is done: Thread Group 1-95
2023-12-18 19:19:26,845 INFO o.a.j.t.JMeterThread: Thread finished: Thread Group 1-95
2023-12-18 19:19:26,877 INFO o.a.j.t.JMeterThread: Thread is done: Thread Group 1-100
2023-12-18 19:19:26,877 INFO o.a.j.t.JMeterThread: Thread finished: Thread Group 1-100
2023-12-18 19:19:26,877 INFO o.a.j.t.JMeterThread: Thread is done: Thread Group 1-39
2023-12-18 19:19:26,877 INFO o.a.j.t.JMeterThread: Thread finished: Thread Group 1-39
2023-12-18 19:19:26,946 INFO o.a.j.t.JMeterThread: Thread is done: Thread Group 1-69
2023-12-18 19:19:26,946 INFO o.a.j.t.JMeterThread: Thread finished: Thread Group 1-69
2023-12-18 19:19:26,973 INFO o.a.j.t.JMeterThread: Thread is done: Thread Group 1-6
2023-12-18 19:19:26,973 INFO o.a.j.t.JMeterThread: Thread finished: Thread Group 1-6
2023-12-18 19:19:27,018 INFO o.a.j.t.JMeterThread: Thread is done: Thread Group 1-60
2023-12-18 19:19:27,018 INFO o.a.j.t.JMeterThread: Thread finished: Thread Group 1-60
2023-12-18 19:19:27,026 INFO o.a.j.t.JMeterThread: Thread is done: Thread Group 1-51
2023-12-18 19:19:27,026 INFO o.a.j.t.JMeterThread: Thread finished: Thread Group 1-51
2023-12-18 19:19:27,026 INFO o.a.j.t.JMeterThread: Thread is done: Thread Group 1-92
2023-12-18 19:19:27,026 INFO o.a.j.t.JMeterThread: Thread finished: Thread Group 1-92
2023-12-18 19:19:27,051 INFO o.a.j.t.JMeterThread: Thread is done: Thread Group 1-86
2023-12-18 19:19:27,051 INFO o.a.j.t.JMeterThread: Thread finished: Thread Group 1-86
2023-12-18 19:19:27,059 INFO o.a.j.t.JMeterThread: Thread is done: Thread Group 1-75
2023-12-18 19:19:27,059 INFO o.a.j.t.JMeterThread: Thread finished: Thread Group 1-75
2023-12-18 19:19:27,075 INFO o.a.j.t.JMeterThread: Thread is done: Thread Group 1-52
2023-12-18 19:19:27,075 INFO o.a.j.t.JMeterThread: Thread finished: Thread Group 1-52
2023-12-18 19:19:27,093 INFO o.a.j.t.JMeterThread: Thread is done: Thread Group 1-93
2023-12-18 19:19:27,093 INFO o.a.j.t.JMeterThread: Thread finished: Thread Group 1-93
2023-12-18 19:19:27,102 INFO o.a.j.t.JMeterThread: Thread is done: Thread Group 1-11
2023-12-18 19:19:27,102 INFO o.a.j.t.JMeterThread: Thread finished: Thread Group 1-11
2023-12-18 19:19:27,135 INFO o.a.j.t.JMeterThread: Thread is done: Thread Group 1-19
2023-12-18 19:19:27,135 INFO o.a.j.t.JMeterThread: Thread finished: Thread Group 1-19
2023-12-18 19:19:27,151 INFO o.a.j.t.JMeterThread: Thread is done: Thread Group 1-56
2023-12-18 19:19:27,151 INFO o.a.j.t.JMeterThread: Thread finished: Thread Group 1-56
2023-12-18 19:19:27,159 INFO o.a.j.t.JMeterThread: Thread is done: Thread Group 1-70
2023-12-18 19:19:27,159 INFO o.a.j.t.JMeterThread: Thread finished: Thread Group 1-70
2023-12-18 19:19:27,159 INFO o.a.j.t.JMeterThread: Thread is done: Thread Group 1-76
2023-12-18 19:19:27,159 INFO o.a.j.t.JMeterThread: Thread finished: Thread Group 1-76
2023-12-18 19:19:27,176 INFO o.a.j.t.JMeterThread: Thread is done: Thread Group 1-64
2023-12-18 19:19:27,176 INFO o.a.j.t.JMeterThread: Thread finished: Thread Group 1-64
2023-12-18 19:19:27,184 INFO o.a.j.t.JMeterThread: Thread is done: Thread Group 1-20
2023-12-18 19:19:27,184 INFO o.a.j.t.JMeterThread: Thread finished: Thread Group 1-20
2023-12-18 19:19:27,184 INFO o.a.j.t.JMeterThread: Thread is done: Thread Group 1-57
2023-12-18 19:19:27,184 INFO o.a.j.t.JMeterThread: Thread finished: Thread Group 1-57
2023-12-18 19:19:27,193 INFO o.a.j.t.JMeterThread: Thread is done: Thread Group 1-7
2023-12-18 19:19:27,193 INFO o.a.j.t.JMeterThread: Thread is done: Thread Group 1-63
2023-12-18 19:19:27,193 INFO o.a.j.t.JMeterThread: Thread finished: Thread Group 1-7
2023-12-18 19:19:27,193 INFO o.a.j.t.JMeterThread: Thread finished: Thread Group 1-63
2023-12-18 19:19:27,226 INFO o.a.j.t.JMeterThread: Thread is done: Thread Group 1-61
2023-12-18 19:19:27,226 INFO o.a.j.t.JMeterThread: Thread finished: Thread Group 1-61
2023-12-18 19:19:27,235 INFO o.a.j.t.JMeterThread: Thread is done: Thread Group 1-28
2023-12-18 19:19:27,235 INFO o.a.j.t.JMeterThread: Thread finished: Thread Group 1-28
2023-12-18 19:19:27,235 INFO o.a.j.t.JMeterThread: Thread is done: Thread Group 1-38
2023-12-18 19:19:27,235 INFO o.a.j.t.JMeterThread: Thread finished: Thread Group 1-38
2023-12-18 19:19:27,284 INFO o.a.j.t.JMeterThread: Thread is done: Thread Group 1-3
2023-12-18 19:19:27,284 INFO o.a.j.t.JMeterThread: Thread finished: Thread Group 1-3
2023-12-18 19:19:27,284 INFO o.a.j.t.JMeterThread: Thread is done: Thread Group 1-97
2023-12-18 19:19:27,284 INFO o.a.j.t.JMeterThread: Thread finished: Thread Group 1-97
2023-12-18 19:19:27,302 INFO o.a.j.t.JMeterThread: Thread is done: Thread Group 1-40
2023-12-18 19:19:27,302 INFO o.a.j.t.JMeterThread: Thread finished: Thread Group 1-40
2023-12-18 19:19:27,302 INFO o.a.j.t.JMeterThread: Thread is done: Thread Group 1-42
2023-12-18 19:19:27,310 INFO o.a.j.t.JMeterThread: Thread finished: Thread Group 1-42
2023-12-18 19:19:27,326 INFO o.a.j.t.JMeterThread: Thread is done: Thread Group 1-37
2023-12-18 19:19:27,326 INFO o.a.j.t.JMeterThread: Thread finished: Thread Group 1-37
2023-12-18 19:19:27,334 INFO o.a.j.t.JMeterThread: Thread is done: Thread Group 1-14
2023-12-18 19:19:27,334 INFO o.a.j.t.JMeterThread: Thread finished: Thread Group 1-14
2023-12-18 19:19:27,384 INFO o.a.j.t.JMeterThread: Thread is done: Thread Group 1-58
2023-12-18 19:19:27,384 INFO o.a.j.t.JMeterThread: Thread finished: Thread Group 1-58
2023-12-18 19:19:27,394 INFO o.a.j.t.JMeterThread: Thread is done: Thread Group 1-62
2023-12-18 19:19:27,394 INFO o.a.j.t.JMeterThread: Thread finished: Thread Group 1-62
2023-12-18 19:19:27,410 INFO o.a.j.t.JMeterThread: Thread is done: Thread Group 1-67
2023-12-18 19:19:27,410 INFO o.a.j.t.JMeterThread: Thread finished: Thread Group 1-67
2023-12-18 19:19:27,426 INFO o.a.j.t.JMeterThread: Thread is done: Thread Group 1-79
2023-12-18 19:19:27,426 INFO o.a.j.t.JMeterThread: Thread finished: Thread Group 1-79
2023-12-18 19:19:27,484 INFO o.a.j.t.JMeterThread: Thread is done: Thread Group 1-88
2023-12-18 19:19:27,484 INFO o.a.j.t.JMeterThread: Thread finished: Thread Group 1-88
2023-12-18 19:19:27,510 INFO o.a.j.t.JMeterThread: Thread is done: Thread Group 1-16
2023-12-18 19:19:27,510 INFO o.a.j.t.JMeterThread: Thread finished: Thread Group 1-16
2023-12-18 19:19:27,510 INFO o.a.j.t.JMeterThread: Thread is done: Thread Group 1-25
2023-12-18 19:19:27,510 INFO o.a.j.t.JMeterThread: Thread finished: Thread Group 1-25
2023-12-18 19:19:27,560 INFO o.a.j.t.JMeterThread: Thread is done: Thread Group 1-26
2023-12-18 19:19:27,560 INFO o.a.j.t.JMeterThread: Thread finished: Thread Group 1-26
2023-12-18 19:19:27,584 INFO o.a.j.t.JMeterThread: Thread is done: Thread Group 1-50
2023-12-18 19:19:27,584 INFO o.a.j.t.JMeterThread: Thread finished: Thread Group 1-50
2023-12-18 19:19:27,602 INFO o.a.j.t.JMeterThread: Thread is done: Thread Group 1-73
2023-12-18 19:19:27,602 INFO o.a.j.t.JMeterThread: Thread finished: Thread Group 1-73
2023-12-18 19:19:27,610 INFO o.a.j.t.JMeterThread: Thread is done: Thread Group 1-1
2023-12-18 19:19:27,610 INFO o.a.j.t.JMeterThread: Thread finished: Thread Group 1-1
2023-12-18 19:19:27,610 INFO o.a.j.t.JMeterThread: Thread is done: Thread Group 1-45
2023-12-18 19:19:27,610 INFO o.a.j.t.JMeterThread: Thread finished: Thread Group 1-45
2023-12-18 19:19:27,675 INFO o.a.j.t.JMeterThread: Thread is done: Thread Group 1-10
2023-12-18 19:19:27,675 INFO o.a.j.t.JMeterThread: Thread finished: Thread Group 1-10
2023-12-18 19:19:27,694 INFO o.a.j.t.JMeterThread: Thread is done: Thread Group 1-47
2023-12-18 19:19:27,694 INFO o.a.j.t.JMeterThread: Thread finished: Thread Group 1-47
2023-12-18 19:19:27,868 INFO o.a.j.t.JMeterThread: Thread is done: Thread Group 1-48
2023-12-18 19:19:27,868 INFO o.a.j.t.JMeterThread: Thread finished: Thread Group 1-48
2023-12-18 19:19:27,876 INFO o.a.j.t.JMeterThread: Thread is done: Thread Group 1-77
2023-12-18 19:19:27,876 INFO o.a.j.t.JMeterThread: Thread finished: Thread Group 1-77
2023-12-18 19:19:27,919 INFO o.a.j.t.JMeterThread: Thread is done: Thread Group 1-90
2023-12-18 19:19:27,919 INFO o.a.j.t.JMeterThread: Thread finished: Thread Group 1-90
2023-12-18 19:19:27,928 INFO o.a.j.t.JMeterThread: Thread is done: Thread Group 1-78
2023-12-18 19:19:27,928 INFO o.a.j.t.JMeterThread: Thread finished: Thread Group 1-78
2023-12-18 19:19:27,944 INFO o.a.j.t.JMeterThread: Thread is done: Thread Group 1-34
2023-12-18 19:19:27,944 INFO o.a.j.t.JMeterThread: Thread finished: Thread Group 1-34
2023-12-18 19:19:27,952 INFO o.a.j.t.JMeterThread: Thread is done: Thread Group 1-8
2023-12-18 19:19:27,952 INFO o.a.j.t.JMeterThread: Thread finished: Thread Group 1-8
2023-12-18 19:19:28,028 INFO o.a.j.t.JMeterThread: Thread is done: Thread Group 1-99
2023-12-18 19:19:28,028 INFO o.a.j.t.JMeterThread: Thread finished: Thread Group 1-99
2023-12-18 19:19:28,036 INFO o.a.j.t.JMeterThread: Thread is done: Thread Group 1-80
2023-12-18 19:19:28,036 INFO o.a.j.t.JMeterThread: Thread finished: Thread Group 1-80
2023-12-18 19:19:28,069 INFO o.a.j.t.JMeterThread: Thread is done: Thread Group 1-49
2023-12-18 19:19:28,069 INFO o.a.j.t.JMeterThread: Thread finished: Thread Group 1-49
2023-12-18 19:19:28,077 INFO o.a.j.t.JMeterThread: Thread is done: Thread Group 1-46
2023-12-18 19:19:28,085 INFO o.a.j.t.JMeterThread: Thread finished: Thread Group 1-46
2023-12-18 19:19:28,144 INFO o.a.j.t.JMeterThread: Thread is done: Thread Group 1-35
2023-12-18 19:19:28,144 INFO o.a.j.t.JMeterThread: Thread finished: Thread Group 1-35
2023-12-18 19:19:28,386 INFO o.a.j.t.JMeterThread: Thread is done: Thread Group 1-53
2023-12-18 19:19:28,386 INFO o.a.j.t.JMeterThread: Thread finished: Thread Group 1-53
2023-12-18 19:19:28,411 INFO o.a.j.t.JMeterThread: Thread is done: Thread Group 1-41
2023-12-18 19:19:28,411 INFO o.a.j.t.JMeterThread: Thread finished: Thread Group 1-41
2023-12-18 19:19:28,421 INFO o.a.j.t.JMeterThread: Thread is done: Thread Group 1-17
2023-12-18 19:19:28,421 INFO o.a.j.t.JMeterThread: Thread finished: Thread Group 1-17
2023-12-18 19:19:28,662 INFO o.a.j.t.JMeterThread: Thread is done: Thread Group 1-74
2023-12-18 19:19:28,662 INFO o.a.j.t.JMeterThread: Thread finished: Thread Group 1-74
2023-12-18 19:19:28,686 INFO o.a.j.t.JMeterThread: Thread is done: Thread Group 1-31
2023-12-18 19:19:28,686 INFO o.a.j.t.JMeterThread: Thread finished: Thread Group 1-31
2023-12-18 19:19:30,050 INFO o.a.j.r.Summariser: summary +  10020 in 00:00:15 =  650.7/s Avg:   117 Min:    41 Max:  5155 Err:  1282 (12.79%) Active: 6 Started: 100 Finished: 94
2023-12-18 19:19:31,508 INFO o.a.j.t.JMeterThread: Thread is done: Thread Group 1-29
2023-12-18 19:19:31,508 INFO o.a.j.t.JMeterThread: Thread finished: Thread Group 1-29
2023-12-18 19:19:31,508 INFO o.a.j.t.JMeterThread: Thread is done: Thread Group 1-22
2023-12-18 19:19:31,508 INFO o.a.j.t.JMeterThread: Thread finished: Thread Group 1-22
2023-12-18 19:19:31,816 INFO o.a.j.t.JMeterThread: Thread is done: Thread Group 1-44
2023-12-18 19:19:31,816 INFO o.a.j.t.JMeterThread: Thread finished: Thread Group 1-44
2023-12-18 19:19:32,014 INFO o.a.j.t.JMeterThread: Thread is done: Thread Group 1-96
2023-12-18 19:19:32,014 INFO o.a.j.t.JMeterThread: Thread finished: Thread Group 1-96
2023-12-18 19:19:36,184 INFO o.a.j.t.JMeterThread: Thread is done: Thread Group 1-98
2023-12-18 19:19:36,184 INFO o.a.j.t.JMeterThread: Thread finished: Thread Group 1-98
2023-12-18 19:19:40,448 INFO o.a.j.t.JMeterThread: Thread is done: Thread Group 1-23
2023-12-18 19:19:40,448 INFO o.a.j.t.JMeterThread: Thread finished: Thread Group 1-23
2023-12-18 19:19:40,448 INFO o.a.j.e.StandardJMeterEngine: Notifying test listeners of end of test
2023-12-18 19:19:40,448 INFO o.a.j.r.Summariser: summary +    180 in 00:00:10 =   17.3/s Avg:   136 Min:    44 Max:  1307 Err:    18 (10.00%) Active: 0 Started: 100 Finished: 100
2023-12-18 19:19:40,448 INFO o.a.j.r.Summariser: summary =  10200 in 00:00:26 =  395.3/s Avg:   118 Min:    41 Max:  5155 Err:  1300 (12.75%)
2023-12-18 19:19:40,448 INFO o.a.j.JMeter: Generating Dashboard
2023-12-18 19:19:40,448 INFO o.a.j.r.d.ReportGenerator: Flushing result collector before report Generation
2023-12-18 19:19:40,506 INFO o.a.j.r.p.NormalizerSampleConsumer: Using format, 'ms', to parse timeStamp field
2023-12-18 19:19:41,627 INFO o.a.j.r.p.AbstractSampleConsumer: class org.apache.jmeter.report.processor.AggregateConsumer#stopProducing(): beginDate produced 0 samples
2023-12-18 19:19:41,635 INFO o.a.j.r.p.AbstractSampleConsumer: class org.apache.jmeter.report.processor.AggregateConsumer#stopProducing(): endDate produced 0 samples
2023-12-18 19:19:41,637 INFO o.a.j.r.p.AbstractSampleConsumer: class org.apache.jmeter.report.processor.ApdexSummaryConsumer#stopProducing(): apdexSummary produced 0 samples
2023-12-18 19:19:41,637 INFO o.a.j.r.p.AbstractSampleConsumer: class org.apache.jmeter.report.processor.RequestsSummaryConsumer#stopProducing(): requestsSummary produced 0 samples
2023-12-18 19:19:41,668 INFO o.a.j.r.p.AbstractSampleConsumer: class org.apache.jmeter.report.processor.StatisticsSummaryConsumer#stopProducing(): statisticsSummary produced 0 samples
2023-12-18 19:19:41,678 INFO o.a.j.r.p.AbstractSampleConsumer: class org.apache.jmeter.report.processor.Top5ErrorsBySamplerConsumer#stopProducing(): top5ErrorsBySampler produced 0 samples
2023-12-18 19:19:41,678 INFO o.a.j.r.p.AbstractSampleConsumer: class org.apache.jmeter.report.processor.ErrorsSummaryConsumer#stopProducing(): errorsSummary produced 0 samples
2023-12-18 19:19:41,678 INFO o.a.j.r.p.AbstractSampleConsumer: class org.apache.jmeter.report.processor.graph.impl.HitsPerSecondGraphConsumer#stopProducing(): hitsPerSecond produced 0 samples
2023-12-18 19:19:41,837 INFO o.a.j.r.p.AbstractSampleConsumer: class org.apache.jmeter.report.processor.graph.impl.LatencyVSRequestGraphConsumer#stopProducing(): latencyVsRequest produced 0 samples
2023-12-18 19:19:41,837 INFO o.a.j.r.p.AbstractSampleConsumer: class org.apache.jmeter.report.processor.graph.impl.SyntheticResponseTimeDistributionGraphConsumer#stopProducing(): syntheticResponseTimeDistribution produced 0 samples
2023-12-18 19:19:41,837 INFO o.a.j.r.p.AbstractSampleConsumer: class org.apache.jmeter.report.processor.graph.impl.BytesThroughputGraphConsumer#stopProducing(): bytesThroughputOverTime produced 0 samples
2023-12-18 19:19:41,837 INFO o.a.j.r.p.AbstractSampleConsumer: class org.apache.jmeter.report.processor.graph.impl.CodesPerSecondGraphConsumer#stopProducing(): codesPerSecond produced 0 samples
2023-12-18 19:19:41,907 INFO o.a.j.r.p.AbstractSampleConsumer: class org.apache.jmeter.report.processor.graph.impl.ResponseTimeVSRequestGraphConsumer#stopProducing(): responseTimeVsRequest produced 0 samples
2023-12-18 19:19:41,907 INFO o.a.j.r.p.AbstractSampleConsumer: class org.apache.jmeter.report.processor.FilterConsumer#stopProducing(): startIntervalControlerFilter produced 71400 samples
2023-12-18 19:19:41,907 INFO o.a.j.r.p.AbstractSampleConsumer: class org.apache.jmeter.report.processor.graph.impl.TotalTPSGraphConsumer#stopProducing(): totalTPS produced 0 samples
2023-12-18 19:19:41,907 INFO o.a.j.r.p.AbstractSampleConsumer: class org.apache.jmeter.report.processor.graph.impl.ActiveThreadsGraphConsumer#stopProducing(): activeThreadsOverTime produced 0 samples
2023-12-18 19:19:41,907 INFO o.a.j.r.p.AbstractSampleConsumer: class org.apache.jmeter.report.processor.graph.impl.TimeVSThreadGraphConsumer#stopProducing(): timeVsThreads produced 0 samples
2023-12-18 19:19:41,915 INFO o.a.j.r.p.AbstractSampleConsumer: class org.apache.jmeter.report.processor.graph.impl.ResponseTimeDistributionGraphConsumer#stopProducing(): responseTimeDistribution produced 0 samples
2023-12-18 19:19:41,915 INFO o.a.j.r.p.AbstractSampleConsumer: class org.apache.jmeter.report.processor.graph.impl.TransactionsPerSecondGraphConsumer#stopProducing(): transactionsPerSecond produced 0 samples
2023-12-18 19:19:41,915 INFO o.a.j.r.p.AbstractSampleConsumer: class org.apache.jmeter.report.processor.graph.impl.ResponseTimePercentilesGraphConsumer#stopProducing(): responseTimePercentiles produced 0 samples
2023-12-18 19:19:41,933 INFO o.a.j.r.p.AbstractSampleConsumer: class org.apache.jmeter.report.processor.graph.impl.ResponseTimePercentilesOverTimeGraphConsumer#stopProducing(): responseTimePercentilesOverTime produced 0 samples
2023-12-18 19:19:41,942 INFO o.a.j.r.p.AbstractSampleConsumer: class org.apache.jmeter.report.processor.graph.impl.ResponseTimeOverTimeGraphConsumer#stopProducing(): responseTimesOverTime produced 0 samples
2023-12-18 19:19:41,942 INFO o.a.j.r.p.AbstractSampleConsumer: class org.apache.jmeter.report.processor.graph.impl.ConnectTimeOverTimeGraphConsumer#stopProducing(): connectTimeOverTime produced 0 samples
2023-12-18 19:19:41,942 INFO o.a.j.r.p.AbstractSampleConsumer: class org.apache.jmeter.report.processor.graph.impl.LatencyOverTimeGraphConsumer#stopProducing(): latenciesOverTime produced 0 samples
2023-12-18 19:19:41,942 INFO o.a.j.r.p.AbstractSampleConsumer: class org.apache.jmeter.report.processor.FilterConsumer#stopProducing(): nameFilter produced 153000 samples
2023-12-18 19:19:41,942 INFO o.a.j.r.p.AbstractSampleConsumer: class org.apache.jmeter.report.processor.FilterConsumer#stopProducing(): dateRangeFilter produced 30600 samples
2023-12-18 19:19:41,942 INFO o.a.j.r.p.AbstractSampleConsumer: class org.apache.jmeter.report.processor.NormalizerSampleConsumer#stopProducing(): normalizer produced 10200 samples
2023-12-18 19:19:41,942 INFO o.a.j.r.p.CsvFileSampleSource: produce(): 10200 samples produced in 1s 378 ms on channel 0
2023-12-18 19:19:41,950 INFO o.a.j.r.d.ReportGenerator: Exporting data using exporter:'json' of className:'org.apache.jmeter.report.dashboard.JsonExporter'
2023-12-18 19:19:42,193 INFO o.a.j.r.d.JsonExporter: Found data for consumer statisticsSummary in context
2023-12-18 19:19:42,193 INFO o.a.j.r.d.JsonExporter: Creating statistics for overall
2023-12-18 19:19:42,193 INFO o.a.j.r.d.JsonExporter: Creating statistics for other transactions
2023-12-18 19:19:42,193 INFO o.a.j.r.d.JsonExporter: Checking output folder
2023-12-18 19:19:42,201 INFO o.a.j.r.d.JsonExporter: Writing statistics JSON to D:\JMetr\JMeter-Tests\.\SCRIPT100\statistics.json
2023-12-18 19:19:42,309 INFO o.a.j.r.d.ReportGenerator: Exporting data using exporter:'html' of className:'org.apache.jmeter.report.dashboard.HtmlTemplateExporter'
2023-12-18 19:19:42,309 INFO o.a.j.r.d.HtmlTemplateExporter: Will generate dashboard in folder: D:\JMetr\JMeter-Tests\.\SCRIPT100
2023-12-18 19:19:42,608 INFO o.a.j.r.d.HtmlTemplateExporter: Report will be generated in: D:\JMetr\JMeter-Tests\.\SCRIPT100, creating folder structure
2023-12-18 19:19:42,616 INFO o.a.j.r.d.TemplateVisitor: Copying folder from 'D:\JMetr\apache-jmeter-5.6.2\bin\report-template' to 'D:\JMetr\JMeter-Tests\.\SCRIPT100', got message: D:\JMetr\JMeter-Tests\.\SCRIPT100, found non empty folder with following content [D:\JMetr\JMeter-Tests\.\SCRIPT100\statistics.json], will be ignored
2023-12-18 19:19:43,745 INFO o.a.j.JMeter: Dashboard generated
